{"numTotalTestSuites":39,"numPassedTestSuites":39,"numFailedTestSuites":0,"numPendingTestSuites":0,"numTotalTests":92,"numPassedTests":92,"numFailedTests":0,"numPendingTests":0,"numTodoTests":0,"snapshot":{"added":0,"failure":false,"filesAdded":0,"filesRemoved":0,"filesRemovedList":[],"filesUnmatched":0,"filesUpdated":0,"matched":0,"total":0,"unchecked":0,"uncheckedKeysByFile":[],"unmatched":0,"updated":0,"didUpdate":false},"startTime":1767716699938,"success":true,"testResults":[{"assertionResults":[{"ancestorTitles":["App"],"fullName":"App renders initial items and stats","status":"passed","title":"renders initial items and stats","duration":93.98370000000023,"failureMessages":[],"meta":{}},{"ancestorTitles":["App"],"fullName":"App adds a food item","status":"passed","title":"adds a food item","duration":74.78700000000026,"failureMessages":[],"meta":{}},{"ancestorTitles":["App"],"fullName":"App adds an exercise item (negative calories)","status":"passed","title":"adds an exercise item (negative calories)","duration":54.9661000000001,"failureMessages":[],"meta":{}},{"ancestorTitles":["App"],"fullName":"App deletes an item","status":"passed","title":"deletes an item","duration":60.503999999999905,"failureMessages":[],"meta":{}},{"ancestorTitles":["App"],"fullName":"App updates item count and totals","status":"passed","title":"updates item count and totals","duration":66.95240000000013,"failureMessages":[],"meta":{}},{"ancestorTitles":["App"],"fullName":"App toggles day complete status","status":"passed","title":"toggles day complete status","duration":62.96529999999984,"failureMessages":[],"meta":{}},{"ancestorTitles":["App"],"fullName":"App saves item to library with lastUsed timestamp","status":"passed","title":"saves item to library with lastUsed timestamp","duration":48.2157000000002,"failureMessages":[],"meta":{}},{"ancestorTitles":["App"],"fullName":"App updates weight settings for the day","status":"passed","title":"updates weight settings for the day","duration":74.17770000000019,"failureMessages":[],"meta":{}}],"startTime":1767716703319,"endTime":1767716703855.1777,"status":"passed","message":"","name":"F:/code/simple-wellness-tracker/src/App.test.jsx"},{"assertionResults":[{"ancestorTitles":["Library Sorting and Usage Count"],"fullName":"Library Sorting and Usage Count sorts library items by usageCount (desc) then lastUsed (desc)","status":"passed","title":"sorts library items by usageCount (desc) then lastUsed (desc)","duration":110.42639999999983,"failureMessages":[],"meta":{}},{"ancestorTitles":["Library Sorting and Usage Count"],"fullName":"Library Sorting and Usage Count increments usageCount when item is added from library","status":"passed","title":"increments usageCount when item is added from library","duration":125.67200000000003,"failureMessages":[],"meta":{}},{"ancestorTitles":["Library Sorting and Usage Count"],"fullName":"Library Sorting and Usage Count initializes usageCount to 0 for new created items","status":"passed","title":"initializes usageCount to 0 for new created items","duration":39.122100000000046,"failureMessages":[],"meta":{}},{"ancestorTitles":["Library Sorting and Usage Count"],"fullName":"Library Sorting and Usage Count sets usageCount to 1 when saving an item from log to library","status":"passed","title":"sets usageCount to 1 when saving an item from log to library","duration":34.1216000000004,"failureMessages":[],"meta":{}}],"startTime":1767716703318,"endTime":1767716703628.1216,"status":"passed","message":"","name":"F:/code/simple-wellness-tracker/src/LibrarySort.test.jsx"},{"assertionResults":[{"ancestorTitles":["calculateRMR"],"fullName":"calculateRMR calculates correctly for males","status":"passed","title":"calculates correctly for males","duration":0.8297999999999774,"failureMessages":[],"meta":{}},{"ancestorTitles":["calculateRMR"],"fullName":"calculateRMR calculates correctly for females","status":"passed","title":"calculates correctly for females","duration":0.12510000000008858,"failureMessages":[],"meta":{}},{"ancestorTitles":["calculateRMR"],"fullName":"calculateRMR returns 0 for missing inputs","status":"passed","title":"returns 0 for missing inputs","duration":0.10500000000001819,"failureMessages":[],"meta":{}},{"ancestorTitles":["calculateAge"],"fullName":"calculateAge calculates age correctly","status":"passed","title":"calculates age correctly","duration":0.17519999999990432,"failureMessages":[],"meta":{}},{"ancestorTitles":["calculateAge"],"fullName":"calculateAge calculates age correctly with mocked time","status":"passed","title":"calculates age correctly with mocked time","duration":1.264099999999985,"failureMessages":[],"meta":{}}],"startTime":1767716702456,"endTime":1767716702458.2642,"status":"passed","message":"","name":"F:/code/simple-wellness-tracker/src/utils/rmr.test.js"},{"assertionResults":[{"ancestorTitles":["ActivityItem"],"fullName":"ActivityItem renders interactions correctly","status":"passed","title":"renders interactions correctly","duration":28.696099999999888,"failureMessages":[],"meta":{}},{"ancestorTitles":["ActivityItem"],"fullName":"ActivityItem handles count changes","status":"passed","title":"handles count changes","duration":7.322900000000118,"failureMessages":[],"meta":{}},{"ancestorTitles":["ActivityItem"],"fullName":"ActivityItem handles delete","status":"passed","title":"handles delete","duration":4.435600000000022,"failureMessages":[],"meta":{}},{"ancestorTitles":["ActivityItem"],"fullName":"ActivityItem handles edit mode","status":"passed","title":"handles edit mode","duration":24.26599999999985,"failureMessages":[],"meta":{}},{"ancestorTitles":["ActivityItem"],"fullName":"ActivityItem calls onSaveToLibrary when save button clicked","status":"passed","title":"calls onSaveToLibrary when save button clicked","duration":6.216200000000072,"failureMessages":[],"meta":{}},{"ancestorTitles":["ActivityItem"],"fullName":"ActivityItem renders correct state when item is in library","status":"passed","title":"renders correct state when item is in library","duration":7.417100000000119,"failureMessages":[],"meta":{}},{"ancestorTitles":["ActivityItem"],"fullName":"ActivityItem handles auto-focus description","status":"passed","title":"handles auto-focus description","duration":80.5664999999999,"failureMessages":[],"meta":{}}],"startTime":1767716701446,"endTime":1767716701604.5664,"status":"passed","message":"","name":"F:/code/simple-wellness-tracker/src/components/ActivityItem.test.jsx"},{"assertionResults":[{"ancestorTitles":["ActivityLog"],"fullName":"ActivityLog renders interactions correctly","status":"passed","title":"renders interactions correctly","duration":23.27380000000005,"failureMessages":[],"meta":{}},{"ancestorTitles":["ActivityLog"],"fullName":"ActivityLog renders correctly with empty items","status":"passed","title":"renders correctly with empty items","duration":2.4787999999999784,"failureMessages":[],"meta":{}}],"startTime":1767716702518,"endTime":1767716702543.4788,"status":"passed","message":"","name":"F:/code/simple-wellness-tracker/src/components/ActivityLog.test.jsx"},{"assertionResults":[{"ancestorTitles":["Calendar"],"fullName":"Calendar renders correctly","status":"passed","title":"renders correctly","duration":108.9358000000002,"failureMessages":[],"meta":{}}],"startTime":1767716703313,"endTime":1767716703421.9358,"status":"passed","message":"","name":"F:/code/simple-wellness-tracker/src/components/Calendar.test.jsx"},{"assertionResults":[{"ancestorTitles":["DatePicker"],"fullName":"DatePicker renders with current date","status":"passed","title":"renders with current date","duration":20.41930000000002,"failureMessages":[],"meta":{}},{"ancestorTitles":["DatePicker"],"fullName":"DatePicker opens calendar on click","status":"passed","title":"opens calendar on click","duration":112.31899999999996,"failureMessages":[],"meta":{}},{"ancestorTitles":["DatePicker"],"fullName":"DatePicker handles interaction (mocking selection)","status":"passed","title":"handles interaction (mocking selection)","duration":27.22530000000006,"failureMessages":[],"meta":{}}],"startTime":1767716703315,"endTime":1767716703474.2253,"status":"passed","message":"","name":"F:/code/simple-wellness-tracker/src/components/DatePicker.test.jsx"},{"assertionResults":[{"ancestorTitles":["Header"],"fullName":"Header renders logo and title","status":"passed","title":"renders logo and title","duration":31.362499999999955,"failureMessages":[],"meta":{}},{"ancestorTitles":["Header"],"fullName":"Header triggers settings click","status":"passed","title":"triggers settings click","duration":121.88460000000009,"failureMessages":[],"meta":{}}],"startTime":1767716701478,"endTime":1767716701630.8845,"status":"passed","message":"","name":"F:/code/simple-wellness-tracker/src/components/Header.test.jsx"},{"assertionResults":[{"ancestorTitles":["ItemMeasurementInputs"],"fullName":"ItemMeasurementInputs renders calories input only for FOOD type","status":"passed","title":"renders calories input only for FOOD type","duration":24.191600000000108,"failureMessages":[],"meta":{}},{"ancestorTitles":["ItemMeasurementInputs"],"fullName":"ItemMeasurementInputs renders both inputs and link for EXERCISE type","status":"passed","title":"renders both inputs and link for EXERCISE type","duration":5.942199999999957,"failureMessages":[],"meta":{}},{"ancestorTitles":["ItemMeasurementInputs"],"fullName":"ItemMeasurementInputs updates calories proportionally when linked and minutes change","status":"passed","title":"updates calories proportionally when linked and minutes change","duration":8.330400000000054,"failureMessages":[],"meta":{}},{"ancestorTitles":["ItemMeasurementInputs"],"fullName":"ItemMeasurementInputs updates minutes proportionally when linked and calories change","status":"passed","title":"updates minutes proportionally when linked and calories change","duration":5.1616999999998825,"failureMessages":[],"meta":{}},{"ancestorTitles":["ItemMeasurementInputs"],"fullName":"ItemMeasurementInputs does not update proportionally when unlinked","status":"passed","title":"does not update proportionally when unlinked","duration":125.43549999999982,"failureMessages":[],"meta":{}}],"startTime":1767716701466,"endTime":1767716701635.4355,"status":"passed","message":"","name":"F:/code/simple-wellness-tracker/src/components/ItemMeasurementInputs.test.jsx"},{"assertionResults":[{"ancestorTitles":["LibraryItemRow"],"fullName":"LibraryItemRow renders item details correctly in view mode","status":"passed","title":"renders item details correctly in view mode","duration":35.12890000000016,"failureMessages":[],"meta":{}},{"ancestorTitles":["LibraryItemRow"],"fullName":"LibraryItemRow switches to edit mode and saves changes","status":"passed","title":"switches to edit mode and saves changes","duration":22.145500000000084,"failureMessages":[],"meta":{}},{"ancestorTitles":["LibraryItemRow"],"fullName":"LibraryItemRow calls onDelete when delete button is clicked","status":"passed","title":"calls onDelete when delete button is clicked","duration":6.957300000000032,"failureMessages":[],"meta":{}},{"ancestorTitles":["LibraryItemRow"],"fullName":"LibraryItemRow adjusts count in view mode","status":"passed","title":"adjusts count in view mode","duration":3.5036999999999807,"failureMessages":[],"meta":{}},{"ancestorTitles":["LibraryItemRow"],"fullName":"LibraryItemRow hides quantity controls when selectable is false","status":"passed","title":"hides quantity controls when selectable is false","duration":4.350200000000086,"failureMessages":[],"meta":{}}],"startTime":1767716701471,"endTime":1767716701543.35,"status":"passed","message":"","name":"F:/code/simple-wellness-tracker/src/components/LibraryItemRow.test.jsx"},{"assertionResults":[{"ancestorTitles":["LibraryModal"],"fullName":"LibraryModal renders and sorts items by lastUsed descending","status":"passed","title":"renders and sorts items by lastUsed descending","duration":177.50530000000003,"failureMessages":[],"meta":{}},{"ancestorTitles":["LibraryModal"],"fullName":"LibraryModal updates lastUsed when adding items","status":"passed","title":"updates lastUsed when adding items","duration":36.2657999999999,"failureMessages":[],"meta":{}},{"ancestorTitles":["LibraryModal"],"fullName":"LibraryModal filters by search","status":"passed","title":"filters by search","duration":13.87220000000002,"failureMessages":[],"meta":{}},{"ancestorTitles":["LibraryModal"],"fullName":"LibraryModal allows creating a new item","status":"passed","title":"allows creating a new item","duration":28.197999999999865,"failureMessages":[],"meta":{}},{"ancestorTitles":["LibraryModal"],"fullName":"LibraryModal hides create row on cancel","status":"passed","title":"hides create row on cancel","duration":12.65260000000012,"failureMessages":[],"meta":{}},{"ancestorTitles":["LibraryModal"],"fullName":"LibraryModal renders correct title and hides actions in select mode","status":"passed","title":"renders correct title and hides actions in select mode","duration":20.854900000000043,"failureMessages":[],"meta":{}},{"ancestorTitles":["LibraryModal"],"fullName":"LibraryModal renders correct title and shows actions in manage mode","status":"passed","title":"renders correct title and shows actions in manage mode","duration":15.68340000000012,"failureMessages":[],"meta":{}},{"ancestorTitles":["LibraryModal"],"fullName":"LibraryModal fetches and displays history items correctly","status":"passed","title":"fetches and displays history items correctly","duration":14.130100000000084,"failureMessages":[],"meta":{}},{"ancestorTitles":["LibraryModal"],"fullName":"LibraryModal does not multiply calories for food items with count > 1","status":"passed","title":"does not multiply calories for food items with count > 1","duration":31.146400000000085,"failureMessages":[],"meta":{}}],"startTime":1767716701561,"endTime":1767716701911.1465,"status":"passed","message":"","name":"F:/code/simple-wellness-tracker/src/components/LibraryModal.test.jsx"},{"assertionResults":[{"ancestorTitles":["ProgressBar"],"fullName":"ProgressBar calculates value correctly (Under Goal)","status":"passed","title":"calculates value correctly (Under Goal)","duration":51.94719999999984,"failureMessages":[],"meta":{}},{"ancestorTitles":["ProgressBar"],"fullName":"ProgressBar handles between Goal and RMR (Yellow Zone)","status":"passed","title":"handles between Goal and RMR (Yellow Zone)","duration":10.709100000000035,"failureMessages":[],"meta":{}},{"ancestorTitles":["ProgressBar"],"fullName":"ProgressBar handles over RMR (Red Zone)","status":"passed","title":"handles over RMR (Red Zone)","duration":15.875600000000077,"failureMessages":[],"meta":{}},{"ancestorTitles":["ProgressBar"],"fullName":"ProgressBar handles negative net calories","status":"passed","title":"handles negative net calories","duration":3.1255999999998494,"failureMessages":[],"meta":{}}],"startTime":1767716701496,"endTime":1767716701577.1255,"status":"passed","message":"","name":"F:/code/simple-wellness-tracker/src/components/ProgressBar.test.jsx"},{"assertionResults":[{"ancestorTitles":["QuickAdd"],"fullName":"QuickAdd renders input fields","status":"passed","title":"renders input fields","duration":25.82439999999997,"failureMessages":[],"meta":{}},{"ancestorTitles":["QuickAdd"],"fullName":"QuickAdd toggles type between FOOD and EXERCISE","status":"passed","title":"toggles type between FOOD and EXERCISE","duration":30.14070000000015,"failureMessages":[],"meta":{}},{"ancestorTitles":["QuickAdd"],"fullName":"QuickAdd submits valid data","status":"passed","title":"submits valid data","duration":17.914299999999912,"failureMessages":[],"meta":{}},{"ancestorTitles":["QuickAdd"],"fullName":"QuickAdd handles negative calories for exercise automatically","status":"passed","title":"handles negative calories for exercise automatically","duration":9.59219999999982,"failureMessages":[],"meta":{}},{"ancestorTitles":["QuickAdd"],"fullName":"QuickAdd handles independent updates for unlinked exercise inputs (default)","status":"passed","title":"handles independent updates for unlinked exercise inputs (default)","duration":11.620099999999866,"failureMessages":[],"meta":{}},{"ancestorTitles":["QuickAdd"],"fullName":"QuickAdd handles proportional updates for linked exercise inputs","status":"passed","title":"handles proportional updates for linked exercise inputs","duration":13.778299999999945,"failureMessages":[],"meta":{}},{"ancestorTitles":["QuickAdd"],"fullName":"QuickAdd disables save button when invalid","status":"passed","title":"disables save button when invalid","duration":5.016300000000001,"failureMessages":[],"meta":{}},{"ancestorTitles":["QuickAdd"],"fullName":"QuickAdd resets inputs on cancel","status":"passed","title":"resets inputs on cancel","duration":3.879599999999982,"failureMessages":[],"meta":{}}],"startTime":1767716701535,"endTime":1767716701653.8796,"status":"passed","message":"","name":"F:/code/simple-wellness-tracker/src/components/QuickAdd.test.jsx"},{"assertionResults":[{"ancestorTitles":["ReplaceLibraryItemModal"],"fullName":"ReplaceLibraryItemModal renders nothing when not open","status":"passed","title":"renders nothing when not open","duration":16.005899999999883,"failureMessages":[],"meta":{}},{"ancestorTitles":["ReplaceLibraryItemModal"],"fullName":"ReplaceLibraryItemModal renders changes correctly","status":"passed","title":"renders changes correctly","duration":33.48009999999999,"failureMessages":[],"meta":{}},{"ancestorTitles":["ReplaceLibraryItemModal"],"fullName":"ReplaceLibraryItemModal does not show unchanged fields","status":"passed","title":"does not show unchanged fields","duration":4.378100000000131,"failureMessages":[],"meta":{}},{"ancestorTitles":["ReplaceLibraryItemModal"],"fullName":"ReplaceLibraryItemModal confirms replacement","status":"passed","title":"confirms replacement","duration":5.007599999999911,"failureMessages":[],"meta":{}},{"ancestorTitles":["ReplaceLibraryItemModal"],"fullName":"ReplaceLibraryItemModal cancels replacement","status":"passed","title":"cancels replacement","duration":2.736799999999903,"failureMessages":[],"meta":{}}],"startTime":1767716701534,"endTime":1767716701595.7368,"status":"passed","message":"","name":"F:/code/simple-wellness-tracker/src/components/ReplaceLibraryItemModal.test.jsx"},{"assertionResults":[{"ancestorTitles":["SettingsDialog"],"fullName":"SettingsDialog does not render when closed","status":"passed","title":"does not render when closed","duration":18.238399999999956,"failureMessages":[],"meta":{}},{"ancestorTitles":["SettingsDialog"],"fullName":"SettingsDialog renders inputs when open","status":"passed","title":"renders inputs when open","duration":43.71600000000012,"failureMessages":[],"meta":{}},{"ancestorTitles":["SettingsDialog"],"fullName":"SettingsDialog saves settings with auto-calculated RMR","status":"passed","title":"saves settings with auto-calculated RMR","duration":110.96659999999997,"failureMessages":[],"meta":{}},{"ancestorTitles":["SettingsDialog"],"fullName":"SettingsDialog calls onManageLibrary when button clicked","status":"passed","title":"calls onManageLibrary when button clicked","duration":5.720599999999877,"failureMessages":[],"meta":{}}],"startTime":1767716701570,"endTime":1767716701748.7207,"status":"passed","message":"","name":"F:/code/simple-wellness-tracker/src/components/SettingsDialog.test.jsx"},{"assertionResults":[{"ancestorTitles":["Stats Component"],"fullName":"Stats Component calculates totals correctly with single items","status":"passed","title":"calculates totals correctly with single items","duration":28.49499999999989,"failureMessages":[],"meta":{}},{"ancestorTitles":["Stats Component"],"fullName":"Stats Component calculates totals correctly with multiple counts","status":"passed","title":"calculates totals correctly with multiple counts","duration":2.9108000000001084,"failureMessages":[],"meta":{}},{"ancestorTitles":["Stats Component"],"fullName":"Stats Component calculates exercise totals with counts","status":"passed","title":"calculates exercise totals with counts","duration":2.0914000000000215,"failureMessages":[],"meta":{}},{"ancestorTitles":["Stats Component"],"fullName":"Stats Component handles missing count property (defaults to 1)","status":"passed","title":"handles missing count property (defaults to 1)","duration":1.9658999999999196,"failureMessages":[],"meta":{}},{"ancestorTitles":["Stats Component"],"fullName":"Stats Component shows \"Left\" and green styling when under goal (State 1)","status":"passed","title":"shows \"Left\" and green styling when under goal (State 1)","duration":5.116899999999987,"failureMessages":[],"meta":{}},{"ancestorTitles":["Stats Component"],"fullName":"Stats Component shows \"Over\" and yellow styling when over goal but under RMR (State 2)","status":"passed","title":"shows \"Over\" and yellow styling when over goal but under RMR (State 2)","duration":6.68529999999987,"failureMessages":[],"meta":{}},{"ancestorTitles":["Stats Component"],"fullName":"Stats Component shows \"Over\" and red styling when over RMR (State 3)","status":"passed","title":"shows \"Over\" and red styling when over RMR (State 3)","duration":3.2216000000000804,"failureMessages":[],"meta":{}}],"startTime":1767716701480,"endTime":1767716701530.2217,"status":"passed","message":"","name":"F:/code/simple-wellness-tracker/src/components/Stats.test.jsx"},{"assertionResults":[{"ancestorTitles":["Toast"],"fullName":"Toast renders message","status":"passed","title":"renders message","duration":20.024800000000027,"failureMessages":[],"meta":{}},{"ancestorTitles":["Toast"],"fullName":"Toast handles undo","status":"passed","title":"handles undo","duration":4.990400000000022,"failureMessages":[],"meta":{}},{"ancestorTitles":["Toast"],"fullName":"Toast does not render undo button if onUndo is missing","status":"passed","title":"does not render undo button if onUndo is missing","duration":1.9646999999999935,"failureMessages":[],"meta":{}},{"ancestorTitles":["Toast"],"fullName":"Toast auto-closes after duration","status":"passed","title":"auto-closes after duration","duration":3.11869999999999,"failureMessages":[],"meta":{}}],"startTime":1767716702515,"endTime":1767716702545.1187,"status":"passed","message":"","name":"F:/code/simple-wellness-tracker/src/components/Toast.test.jsx"},{"assertionResults":[{"ancestorTitles":["Toggle"],"fullName":"Toggle renders label","status":"passed","title":"renders label","duration":21.141399999999976,"failureMessages":[],"meta":{}},{"ancestorTitles":["Toggle"],"fullName":"Toggle handles change","status":"passed","title":"handles change","duration":7.5625,"failureMessages":[],"meta":{}},{"ancestorTitles":["Toggle"],"fullName":"Toggle reflects checked state","status":"passed","title":"reflects checked state","duration":2.0405000000000655,"failureMessages":[],"meta":{}}],"startTime":1767716702524,"endTime":1767716702555.0405,"status":"passed","message":"","name":"F:/code/simple-wellness-tracker/src/components/Toggle.test.jsx"},{"assertionResults":[{"ancestorTitles":["WeightDisplay"],"fullName":"WeightDisplay renders weight and unit","status":"passed","title":"renders weight and unit","duration":23.951099999999997,"failureMessages":[],"meta":{}},{"ancestorTitles":["WeightDisplay"],"fullName":"WeightDisplay renders placeholder when weight is missing","status":"passed","title":"renders placeholder when weight is missing","duration":2.8415999999999713,"failureMessages":[],"meta":{}},{"ancestorTitles":["WeightDisplay"],"fullName":"WeightDisplay enters edit mode on click","status":"passed","title":"enters edit mode on click","duration":15.056300000000192,"failureMessages":[],"meta":{}},{"ancestorTitles":["WeightDisplay"],"fullName":"WeightDisplay saves on enter","status":"passed","title":"saves on enter","duration":8.46530000000007,"failureMessages":[],"meta":{}},{"ancestorTitles":["WeightDisplay"],"fullName":"WeightDisplay saves on blur","status":"passed","title":"saves on blur","duration":3.908000000000129,"failureMessages":[],"meta":{}},{"ancestorTitles":["WeightDisplay"],"fullName":"WeightDisplay cancels on escape","status":"passed","title":"cancels on escape","duration":4.978800000000092,"failureMessages":[],"meta":{}}],"startTime":1767716701557,"endTime":1767716701616.9788,"status":"passed","message":"","name":"F:/code/simple-wellness-tracker/src/components/WeightDisplay.test.jsx"}]}